<?xml version="1.0" encoding="UTF-8"?>
<testng-results skipped="0" failed="0" ignored="0" total="1" passed="1">
  <reporter-output>
  </reporter-output>
  <suite name="Default suite" duration-ms="44716" started-at="2020-12-08T06:53:50Z" finished-at="2020-12-08T06:54:35Z">
    <groups>
    </groups>
    <test name="Default test" duration-ms="44716" started-at="2020-12-08T06:53:50Z" finished-at="2020-12-08T06:54:35Z">
      <class name="Booking.Aera.BookHotel">
        <test-method status="PASS" signature="openBrowser()[pri:0, instance:Booking.Aera.BookHotel@3532ec19]" name="openBrowser" is-config="true" duration-ms="25404" started-at="2020-12-08T06:53:50Z" finished-at="2020-12-08T06:54:15Z">
          <reporter-output>
          </reporter-output>
        </test-method> <!-- openBrowser -->
        <test-method status="PASS" signature="selectHotel()[pri:0, instance:Booking.Aera.BookHotel@3532ec19]" name="selectHotel" duration-ms="19268" started-at="2020-12-08T06:54:15Z" finished-at="2020-12-08T06:54:35Z">
          <reporter-output>
          </reporter-output>
        </test-method> <!-- selectHotel -->
      </class> <!-- Booking.Aera.BookHotel -->
    </test> <!-- Default test -->
  </suite> <!-- Default suite -->
</testng-results>
